<?xml version="1.0" encoding="UTF-8"?>
<!-- Generated by org.testng.reporters.JUnitReportReporter -->
<testsuite skipped="0" hostname="DESKTOP-IRQCGCA" name="LoginRegistration" tests="5" failures="0" timestamp="2020-05-02T21:25:04 EDT" time="41.643" errors="0">
  <testcase name="getData" time="8.293" classname="LoginRegistration"/>
  <testcase name="getData" time="8.090" classname="LoginRegistration"/>
  <testcase name="getData" time="8.364" classname="LoginRegistration"/>
  <testcase name="getData" time="7.968" classname="LoginRegistration"/>
  <testcase name="getData" time="8.928" classname="LoginRegistration"/>
</testsuite> <!-- LoginRegistration -->
