<?xml version="1.0" encoding="UTF-8"?>
<!-- Generated by org.testng.reporters.JUnitReportReporter -->
<testsuite skipped="0" hostname="DESKTOP-IRQCGCA" name="ExcelUtils" tests="1" failures="0" timestamp="2020-05-02T13:52:01 EDT" time="0.630" errors="0">
  <testcase name="readExcell" time="0.630" classname="ExcelUtils"/>
</testsuite> <!-- ExcelUtils -->
