<?xml version="1.0" encoding="UTF-8"?>
<!-- Generated by org.testng.reporters.JUnitReportReporter -->
<testsuite skipped="0" hostname="DESKTOP-IRQCGCA" name="ReadExcelFileDemo" tests="2" failures="0" timestamp="2020-05-02T06:04:37 EDT" time="0.571" errors="0">
  <testcase name="getRowcount" time="0.043" classname="ReadExcelFileDemo"/>
  <testcase name="getCelldata" time="0.528" classname="ReadExcelFileDemo"/>
</testsuite> <!-- ReadExcelFileDemo -->
